%!Adobe-FontList 1.18
%Locale:0x409

%BeginFont
Handler:DirectoryHandler
FontType:TrueType
FontName:BodoniSvtyTwoITCTT-Book
FamilyName:Bodoni 72
StyleName:Book
MenuName:Bodoni 72
StyleBits:0
WeightClass:400
WidthClass:5
AngleClass:0
FullName:Bodoni 72 Book
WritingScript:Roman
OutlineFileName:\Bodoni 72.ttc
TTCOffset:36
DataFormat:sfntData
hasSVG:no
FileLength:416692
FileModTime:1440291471
NameArray:0,Mac,4,Bodoni 72 Book
NameArray:0,Win,1,Bodoni 72
%EndFont

%BeginFont
Handler:DirectoryHandler
FontType:TrueType
FontName:BodoniSvtyTwoITCTT-BookIta
FamilyName:Bodoni 72
StyleName:Book Italic
MenuName:Bodoni 72
StyleBits:1
WeightClass:400
WidthClass:5
AngleClass:1
FullName:Bodoni 72 Book Italic
WritingScript:Roman
OutlineFileName:\Bodoni 72.ttc
TTCOffset:288
DataFormat:sfntData
hasSVG:no
FileLength:416692
FileModTime:1440291471
NameArray:0,Mac,4,Bodoni 72 Book Italic
NameArray:0,Win,1,Bodoni 72
%EndFont

%BeginFont
Handler:DirectoryHandler
FontType:TrueType
FontName:BodoniSvtyTwoITCTT-Bold
FamilyName:Bodoni 72
StyleName:Bold
MenuName:Bodoni 72
StyleBits:2
WeightClass:700
WidthClass:5
AngleClass:0
FullName:Bodoni 72 Bold
WritingScript:Roman
OutlineFileName:\Bodoni 72.ttc
TTCOffset:540
DataFormat:sfntData
hasSVG:no
FileLength:416692
FileModTime:1440291471
NameArray:0,Mac,4,Bodoni 72 Bold
NameArray:0,Win,1,Bodoni 72
%EndFont

%BeginFont
Handler:DirectoryHandler
FontType:TrueType
FontName:Didot
FamilyName:Didot
StyleName:Regular
MenuName:Didot
StyleBits:0
WeightClass:400
WidthClass:5
AngleClass:0
FullName:Didot
WritingScript:Roman
OutlineFileName:\Didot.dfont
DataFormat:sfntResource
ResourceID:14151
hasSVG:no
FileLength:380484
FileModTime:1124675546
NameArray:0,Mac,4,Didot
NameArray:0,Win,1,Didot
%EndFont

%BeginFont
Handler:DirectoryHandler
FontType:TrueType
FontName:Didot-Italic
FamilyName:Didot
StyleName:Italic
MenuName:Didot
StyleBits:1
WeightClass:400
WidthClass:5
AngleClass:1
FullName:Didot Italic
WritingScript:Roman
OutlineFileName:\Didot.dfont
DataFormat:sfntResource
ResourceID:12888
hasSVG:no
FileLength:380484
FileModTime:1124675546
NameArray:0,Mac,4,Didot Italic
NameArray:0,Win,1,Didot
%EndFont

%BeginFont
Handler:DirectoryHandler
FontType:TrueType
FontName:Didot-Bold
FamilyName:Didot
StyleName:Bold
MenuName:Didot
StyleBits:2
WeightClass:700
WidthClass:5
AngleClass:0
FullName:Didot Bold
WritingScript:Roman
OutlineFileName:\Didot.dfont
DataFormat:sfntResource
ResourceID:18772
hasSVG:no
FileLength:380484
FileModTime:1124675546
NameArray:0,Mac,4,Didot Bold
NameArray:0,Win,1,Didot
%EndFont

%BeginFont
Handler:DirectoryHandler
FontType:Suitcase
FontName:Didot
OutlineFileName:\Didot.dfont
ResourceID:8916
MacStyle:0
FileLength:380484
FileModTime:1124675546
%EndFont

%BeginFont
Handler:DirectoryHandler
FontType:Suitcase
FontName:Didot-Bold
OutlineFileName:\Didot.dfont
ResourceID:8916
MacStyle:1
FileLength:380484
FileModTime:1124675546
%EndFont

%BeginFont
Handler:DirectoryHandler
FontType:Suitcase
FontName:Didot-Italic
OutlineFileName:\Didot.dfont
ResourceID:8916
MacStyle:2
FileLength:380484
FileModTime:1124675546
%EndFont

