%!Adobe-FontList 1.18
%Locale:0x409

%BeginFont
Handler:DirectoryHandler
FontType:TrueType
FontName:GillSans
FamilyName:Gill Sans
StyleName:Regular
MenuName:Gill Sans
StyleBits:0
WeightClass:400
WidthClass:5
AngleClass:0
FullName:Gill Sans
WritingScript:Roman
OutlineFileName:\GillSans.ttc
TTCOffset:48
DataFormat:sfntData
hasSVG:no
FileLength:554220
FileModTime:1313994108
NameArray:0,Mac,4,Gill Sans
%EndFont

%BeginFont
Handler:DirectoryHandler
FontType:TrueType
FontName:GillSans-Bold
FamilyName:Gill Sans
StyleName:Bold
MenuName:Gill Sans
StyleBits:2
WeightClass:700
WidthClass:5
AngleClass:0
FullName:Gill Sans Bold
WritingScript:Roman
OutlineFileName:\GillSans.ttc
TTCOffset:348
DataFormat:sfntData
hasSVG:no
FileLength:554220
FileModTime:1313994108
NameArray:0,Mac,4,Gill Sans Bold
%EndFont

%BeginFont
Handler:DirectoryHandler
FontType:TrueType
FontName:GillSans-BoldItalic
FamilyName:Gill Sans
StyleName:Bold Italic
MenuName:Gill Sans
StyleBits:3
WeightClass:700
WidthClass:5
AngleClass:1
FullName:Gill Sans Bold Italic
WritingScript:Roman
OutlineFileName:\GillSans.ttc
TTCOffset:648
DataFormat:sfntData
hasSVG:no
FileLength:554220
FileModTime:1313994108
NameArray:0,Mac,4,Gill Sans Bold Italic
%EndFont

%BeginFont
Handler:DirectoryHandler
FontType:TrueType
FontName:GillSans-Italic
FamilyName:Gill Sans
StyleName:Italic
MenuName:Gill Sans
StyleBits:1
WeightClass:400
WidthClass:5
AngleClass:1
FullName:Gill Sans Italic
WritingScript:Roman
OutlineFileName:\GillSans.ttc
TTCOffset:948
DataFormat:sfntData
hasSVG:no
FileLength:554220
FileModTime:1313994108
NameArray:0,Mac,4,Gill Sans Italic
%EndFont

%BeginFont
Handler:DirectoryHandler
FontType:TrueType
FontName:GillSans-Light
FamilyName:Gill Sans
StyleName:Light
MenuName:Gill Sans
StyleBits:0
WeightClass:300
WidthClass:5
AngleClass:0
FullName:Gill Sans Light
WritingScript:Roman
OutlineFileName:\GillSans.ttc
TTCOffset:1248
DataFormat:sfntData
hasSVG:no
FileLength:554220
FileModTime:1313994108
NameArray:0,Mac,4,Gill Sans Light
%EndFont

%BeginFont
Handler:DirectoryHandler
FontType:TrueType
FontName:GillSans-LightItalic
FamilyName:Gill Sans
StyleName:Light Italic
MenuName:Gill Sans
StyleBits:1
WeightClass:300
WidthClass:5
AngleClass:1
FullName:Gill Sans Light Italic
WritingScript:Roman
OutlineFileName:\GillSans.ttc
TTCOffset:1548
DataFormat:sfntData
hasSVG:no
FileLength:554220
FileModTime:1313994108
NameArray:0,Mac,4,Gill Sans Light Italic
%EndFont

%BeginFont
Handler:DirectoryHandler
FontType:Type1
FontName:GranbyElephantBQ
FamilyName:Granby Elephant BQ
StyleName:Regular
MenuName:Granby Elephant BQ
StyleBits:0
WeightClass:500
WidthClass:5
AngleClass:0
FullName:Granby Elephant
WritingScript:Roman
OutlineFileName:\Granby Elephant BQ Regular.otf
DataFormat:sfntData
UsesStandardEncoding:yes
isCFF:yes
hasSVG:no
FileLength:24840
FileModTime:1419672526
NameArray:0,Mac,4,Granby Elephant
NameArray:0,Win,1,Granby Elephant BQ
%EndFont

